  Shader.cpp
d:\users\joanna\documents\github\371openworldproject\shader\shader.cpp(46): warning C4101: 'geometry': unreferenced local variable
d:\users\joanna\documents\github\371openworldproject\shader\shader.cpp(37): warning C4101: 'e': unreferenced local variable
d:\users\joanna\documents\github\371openworldproject\shader\shader.cpp(82): warning C4244: 'argument': conversion from 'float' to 'GLint', possible loss of data
LINK : warning LNK4098: defaultlib 'LIBCMT' conflicts with use of other libs; use /NODEFAULTLIB:library
LINK : warning LNK4098: defaultlib 'MSVCRT' conflicts with use of other libs; use /NODEFAULTLIB:library
Shader.obj : warning LNK4049: locally defined symbol ___glewAttachShader imported
Shader.obj : warning LNK4049: locally defined symbol ___glewCompileShader imported
Shader.obj : warning LNK4049: locally defined symbol ___glewCreateProgram imported
Shader.obj : warning LNK4049: locally defined symbol ___glewCreateShader imported
Shader.obj : warning LNK4049: locally defined symbol ___glewDeleteShader imported
Shader.obj : warning LNK4049: locally defined symbol ___glewGetProgramInfoLog imported
Shader.obj : warning LNK4049: locally defined symbol ___glewGetProgramiv imported
Shader.obj : warning LNK4049: locally defined symbol ___glewGetShaderInfoLog imported
Shader.obj : warning LNK4049: locally defined symbol ___glewGetShaderiv imported
Shader.obj : warning LNK4049: locally defined symbol ___glewGetUniformLocation imported
Shader.obj : warning LNK4049: locally defined symbol ___glewLinkProgram imported
Shader.obj : warning LNK4049: locally defined symbol ___glewShaderSource imported
Shader.obj : warning LNK4049: locally defined symbol ___glewUniform1f imported
Shader.obj : warning LNK4049: locally defined symbol ___glewUniform1i imported
Shader.obj : warning LNK4049: locally defined symbol ___glewUniform3f imported
Shader.obj : warning LNK4049: locally defined symbol ___glewUniform3fv imported
Shader.obj : warning LNK4049: locally defined symbol ___glewUniformMatrix4fv imported
Shader.obj : warning LNK4049: locally defined symbol ___glewUseProgram imported
glew32s.lib(glew.obj) : warning LNK4099: PDB 'vc120.pdb' was not found with 'glew32s.lib(glew.obj)' or at 'D:\Users\Joanna\Documents\GitHub\371OpenWorldProject\Bin\vc120.pdb'; linking object as if no debug info
  Labs.vcxproj -> D:\Users\Joanna\Documents\GitHub\371OpenWorldProject\VS2017\/../Bin/Labs-Debug.exe
